[debug] [2026-04-21T02:33:19.027Z] ----------------------------------------------------------------------
[debug] [2026-04-21T02:33:19.034Z] Command:       /Users/frouen/.nvm/versions/node/v24.13.1/bin/node /Users/frouen/.nvm/versions/node/v24.13.1/bin/firebase deploy --only hosting
[debug] [2026-04-21T02:33:19.034Z] CLI Version:   15.7.0
[debug] [2026-04-21T02:33:19.034Z] Platform:      darwin
[debug] [2026-04-21T02:33:19.034Z] Node Version:  v24.13.1
[debug] [2026-04-21T02:33:19.034Z] Time:          Tue Apr 21 2026 10:33:19 GMT+0800 (Philippine Standard Time)
[debug] [2026-04-21T02:33:19.034Z] ----------------------------------------------------------------------
[debug] 
[debug] [2026-04-21T02:33:19.760Z] > command requires scopes: ["email","openid","https://www.googleapis.com/auth/cloudplatformprojects.readonly","https://www.googleapis.com/auth/firebase","https://www.googleapis.com/auth/cloud-platform"]
[debug] [2026-04-21T02:33:19.760Z] > authorizing via signed-in user (frouenmedinajr@gmail.com)
[debug] [2026-04-21T02:33:19.760Z] [iam] checking project readingtool-b2124 for permissions ["firebase.projects.get","firebasehosting.sites.update"]
[debug] [2026-04-21T02:33:19.763Z] No OAuth tokens found
[debug] [2026-04-21T02:33:19.763Z] No OAuth tokens found
[debug] [2026-04-21T02:33:19.763Z] > refreshing access token with scopes: []
[debug] [2026-04-21T02:33:19.764Z] >>> [apiv2][query] POST https://www.googleapis.com/oauth2/v3/token [none]
[debug] [2026-04-21T02:33:19.764Z] >>> [apiv2][body] POST https://www.googleapis.com/oauth2/v3/token [omitted]
[debug] [2026-04-21T02:33:19.996Z] <<< [apiv2][status] POST https://www.googleapis.com/oauth2/v3/token 200
[debug] [2026-04-21T02:33:19.997Z] <<< [apiv2][body] POST https://www.googleapis.com/oauth2/v3/token [omitted]
[debug] [2026-04-21T02:33:20.005Z] >>> [apiv2][query] POST https://cloudresourcemanager.googleapis.com/v1/projects/readingtool-b2124:testIamPermissions [none]
[debug] [2026-04-21T02:33:20.005Z] >>> [apiv2][(partial)header] POST https://cloudresourcemanager.googleapis.com/v1/projects/readingtool-b2124:testIamPermissions  x-goog-user-project=readingtool-b2124
[debug] [2026-04-21T02:33:20.005Z] >>> [apiv2][body] POST https://cloudresourcemanager.googleapis.com/v1/projects/readingtool-b2124:testIamPermissions {"permissions":["firebase.projects.get","firebasehosting.sites.update"]}
[debug] [2026-04-21T02:33:21.035Z] <<< [apiv2][status] POST https://cloudresourcemanager.googleapis.com/v1/projects/readingtool-b2124:testIamPermissions 200
[debug] [2026-04-21T02:33:21.036Z] <<< [apiv2][body] POST https://cloudresourcemanager.googleapis.com/v1/projects/readingtool-b2124:testIamPermissions {"permissions":["firebase.projects.get","firebasehosting.sites.update"]}
[debug] [2026-04-21T02:33:21.037Z] Checked if tokens are valid: true, expires at: 1776742398997
[debug] [2026-04-21T02:33:21.037Z] Checked if tokens are valid: true, expires at: 1776742398997
[debug] [2026-04-21T02:33:21.037Z] >>> [apiv2][query] GET https://firebase.googleapis.com/v1beta1/projects/readingtool-b2124 [none]
[debug] [2026-04-21T02:33:21.725Z] <<< [apiv2][status] GET https://firebase.googleapis.com/v1beta1/projects/readingtool-b2124 200
[debug] [2026-04-21T02:33:21.725Z] <<< [apiv2][body] GET https://firebase.googleapis.com/v1beta1/projects/readingtool-b2124 {"projectId":"readingtool-b2124","projectNumber":"981193866014","displayName":"readingtool","name":"projects/readingtool-b2124","resources":{"hostingSite":"readingtool-b2124"},"state":"ACTIVE","etag":"1_9e7e816b-f79f-4dde-b319-e047931abb33"}
[info] 
[info] === Deploying to 'readingtool-b2124'...
[info] 
[info] i  deploying hosting 
[debug] [2026-04-21T02:33:21.729Z] Checked if tokens are valid: true, expires at: 1776742398997
[debug] [2026-04-21T02:33:21.729Z] Checked if tokens are valid: true, expires at: 1776742398997
[debug] [2026-04-21T02:33:21.729Z] >>> [apiv2][query] POST https://firebasehosting.googleapis.com/v1beta1/projects/-/sites/readingtool-b2124/versions [none]
[debug] [2026-04-21T02:33:21.729Z] >>> [apiv2][body] POST https://firebasehosting.googleapis.com/v1beta1/projects/-/sites/readingtool-b2124/versions {"status":"CREATED","labels":{"deployment-tool":"cli-firebase"}}
